<?xml version="1.0" encoding="UTF-8"?>
<testsuites>
  <testsuite name=":vendor Test Suite" tests="7" assertions="7" failures="0" errors="0" time="0.006000">
    <testsuite name="pkirillw\charSorting\CharSortingTest" file="C:\xampp\htdocs\SimUni\tests\CharSortingTest.php" tests="7" assertions="7" failures="0" errors="0" time="0.006000">
      <testcase name="testOne" class="pkirillw\charSorting\CharSortingTest" file="C:\xampp\htdocs\SimUni\tests\CharSortingTest.php" line="8" assertions="1" time="0.004000"/>
      <testcase name="testTwo" class="pkirillw\charSorting\CharSortingTest" file="C:\xampp\htdocs\SimUni\tests\CharSortingTest.php" line="14" assertions="1" time="0.001000"/>
      <testcase name="testThree" class="pkirillw\charSorting\CharSortingTest" file="C:\xampp\htdocs\SimUni\tests\CharSortingTest.php" line="20" assertions="1" time="0.000000"/>
      <testcase name="testFour" class="pkirillw\charSorting\CharSortingTest" file="C:\xampp\htdocs\SimUni\tests\CharSortingTest.php" line="26" assertions="1" time="0.000000"/>
      <testcase name="testFive" class="pkirillw\charSorting\CharSortingTest" file="C:\xampp\htdocs\SimUni\tests\CharSortingTest.php" line="32" assertions="1" time="0.001000"/>
      <testcase name="testSix" class="pkirillw\charSorting\CharSortingTest" file="C:\xampp\htdocs\SimUni\tests\CharSortingTest.php" line="38" assertions="1" time="0.000000"/>
      <testcase name="testSeven" class="pkirillw\charSorting\CharSortingTest" file="C:\xampp\htdocs\SimUni\tests\CharSortingTest.php" line="44" assertions="1" time="0.000000"/>
    </testsuite>
  </testsuite>
</testsuites>
